C51 COMPILER V9.54   BUZZER                                                                06/10/2025 23:37:19 PAGE 1   


C51 COMPILER V9.54, COMPILATION OF MODULE BUZZER
OBJECT MODULE PLACED IN .\Objects\Buzzer.obj
COMPILER INVOKED BY: D:\keil5\C51\BIN\C51.EXE Buzzer.c OPTIMIZE(8,SPEED) BROWSE DEBUG OBJECTEXTEND PRINT(.\Listings\Buzz
                    -er.lst) OBJECT(.\Objects\Buzzer.obj)

line level    source

   1          #include <REGX52.H>
   2          #include "Nixie.H"
   3          #include <INTRINS.H>
   4          
   5          
   6          //蜂鸣器端口
   7          sbit Buzzer=P2^5;
   8          unsigned int i;
   9          /**
  10            * @brief  蜂鸣器私有延时函数，延时500us
  11            * @param  无
  12            * @retval 无
  13            */
  14          void Buzzer_Delay500us()                //@11.0592MHz
  15          {
  16   1              unsigned char i;
  17   1      
  18   1              _nop_();
  19   1              i = 227;
  20   1              while (--i);
  21   1      }
  22          
  23          /**
  24            * @brief  蜂鸣器发声
  25            * @param  ms发声时长
  26            * @retval 无
  27            */
  28          void Buzzer_Time(unsigned int ms){
  29   1                              for(i=0;i<ms*2;i++){                    
  30   2                                      Buzzer=~Buzzer;
  31   2                                      Buzzer_Delay500us();
  32   2                              }       
  33   1      
  34   1      
  35   1      }


MODULE INFORMATION:   STATIC OVERLAYABLE
   CODE SIZE        =     47    ----
   CONSTANT SIZE    =   ----    ----
   XDATA SIZE       =   ----    ----
   PDATA SIZE       =   ----    ----
   DATA SIZE        =      2    ----
   IDATA SIZE       =   ----    ----
   BIT SIZE         =   ----    ----
END OF MODULE INFORMATION.


C51 COMPILATION COMPLETE.  0 WARNING(S),  0 ERROR(S)
