C51 COMPILER V9.54   MATRIXKEY                                                             06/09/2025 21:41:59 PAGE 1   


C51 COMPILER V9.54, COMPILATION OF MODULE MATRIXKEY
OBJECT MODULE PLACED IN .\Objects\MatrixKey.obj
COMPILER INVOKED BY: D:\keil5\C51\BIN\C51.EXE ..\..\keil51\6-2 æÿ’Ûº¸≈Ã√‹¬ÎÀ¯\MatrixKey.c OPTIMIZE(8,SPEED) BROWSE DEBUG
                    - OBJECTEXTEND PRINT(.\Listings\MatrixKey.lst) OBJECT(.\Objects\MatrixKey.obj)

line level    source

   1          #include <REGX52.H>
   2          #include "Delay.H"
   3          
   4          /**
   5            * @brief  Áü©ÈòµÈîÆÁõòËØªÂèñÊåâÈîÆÈîÆÁ†Å
   6            * @param  KeyNumberÊåâ‰∏ãÂéªÊåâÈîÆÁöÑÈîÆÁ†ÅÂÄº
   7            * @retval Â¶ÇÊûúÊåâÈîÆÊåâ‰∏ã‰∏çÊîæÔºåÁ®ãÂ∫è‰ºöÂÅúÁïôÂú®Ê≠§ÂáΩÊï∞ÔºåÊùæÊâãÁöÑ‰∏ÄÁû¨Èó¥ÔºåËøîÂõûÈîÆÁ†ÅÂÄºÔ
             -ºåÊ≤°ÊúâÊåâÈîÆÊåâ‰∏ãÊó∂ËøîÂõû0
   8                                  
   9            */
  10          unsigned char MatrixKey(){
  11   1      
  12   1              unsigned char KeyNumber=0;
  13   1              
  14   1              P1=0xFF;
  15   1              P1_3=0;
  16   1              if(P1_7==0){
  17   2                      Delay(20);
  18   2                      while(P1_7==0){}
  19   2                      Delay(20);
  20   2                      KeyNumber=1;
  21   2              }
  22   1              if(P1_6==0){
  23   2                      Delay(20);
  24   2                      while(P1_6==0){}
  25   2                      Delay(20);
  26   2                      KeyNumber=5;
  27   2              }
  28   1              if(P1_5==0){
  29   2                      Delay(20);
  30   2                      while(P1_5==0){}
  31   2                      Delay(20);
  32   2                      KeyNumber=9;
  33   2              }
  34   1              if(P1_4==0){
  35   2                      Delay(20);
  36   2                      while(P1_4==0){}
  37   2                      Delay(20);
  38   2                      KeyNumber=13;
  39   2              }
  40   1      
  41   1              P1=0xFF;
  42   1              P1_2=0;
  43   1              if(P1_7==0){
  44   2                      Delay(20);
  45   2                      while(P1_7==0){}
  46   2                      Delay(20);
  47   2                      KeyNumber=2;
  48   2              }
  49   1              if(P1_6==0){
  50   2                      Delay(20);
  51   2                      while(P1_6==0){}
  52   2                      Delay(20);
  53   2                      KeyNumber=6;
C51 COMPILER V9.54   MATRIXKEY                                                             06/09/2025 21:41:59 PAGE 2   

  54   2              }
  55   1              if(P1_5==0){
  56   2                      Delay(20);
  57   2                      while(P1_5==0){}
  58   2                      Delay(20);
  59   2                      KeyNumber=10;
  60   2              }
  61   1              if(P1_4==0){
  62   2                      Delay(20);
  63   2                      while(P1_4==0){}
  64   2                      Delay(20);
  65   2                      KeyNumber=14;
  66   2              }
  67   1      
  68   1              P1=0xFF;
  69   1              P1_1=0;
  70   1              if(P1_7==0){
  71   2                      Delay(20);
  72   2                      while(P1_7==0){}
  73   2                      Delay(20);
  74   2                      KeyNumber=3;
  75   2              }
  76   1              if(P1_6==0){
  77   2                      Delay(20);
  78   2                      while(P1_6==0){}
  79   2                      Delay(20);
  80   2                      KeyNumber=7;
  81   2              }
  82   1              if(P1_5==0){
  83   2                      Delay(20);
  84   2                      while(P1_5==0){}
  85   2                      Delay(20);
  86   2                      KeyNumber=11;
  87   2              }
  88   1              if(P1_4==0){
  89   2                      Delay(20);
  90   2                      while(P1_4==0){}
  91   2                      Delay(20);
  92   2                      KeyNumber=15;
  93   2              }
  94   1      
  95   1              P1=0xFF;
  96   1              P1_0=0;
  97   1              if(P1_7==0){
  98   2                      Delay(20);
  99   2                      while(P1_7==0){}
 100   2                      Delay(20);
 101   2                      KeyNumber=4;
 102   2              }
 103   1              if(P1_6==0){
 104   2                      Delay(20);
 105   2                      while(P1_6==0){}
 106   2                      Delay(20);
 107   2                      KeyNumber=8;
 108   2              }
 109   1              if(P1_5==0){
 110   2                      Delay(20);
 111   2                      while(P1_5==0){}
 112   2                      Delay(20);
 113   2                      KeyNumber=12;
 114   2              }
 115   1              if(P1_4==0){
C51 COMPILER V9.54   MATRIXKEY                                                             06/09/2025 21:41:59 PAGE 3   

 116   2                      Delay(20);
 117   2                      while(P1_4==0){}
 118   2                      Delay(20);
 119   2                      KeyNumber=16;
 120   2              }       
 121   1              return KeyNumber;
 122   1      }


MODULE INFORMATION:   STATIC OVERLAYABLE
   CODE SIZE        =    393    ----
   CONSTANT SIZE    =   ----    ----
   XDATA SIZE       =   ----    ----
   PDATA SIZE       =   ----    ----
   DATA SIZE        =   ----       1
   IDATA SIZE       =   ----    ----
   BIT SIZE         =   ----    ----
END OF MODULE INFORMATION.


C51 COMPILATION COMPLETE.  0 WARNING(S),  0 ERROR(S)
