C51 COMPILER V9.54   NIXIE                                                                 06/10/2025 23:37:19 PAGE 1   


C51 COMPILER V9.54, COMPILATION OF MODULE NIXIE
OBJECT MODULE PLACED IN .\Objects\Nixie.obj
COMPILER INVOKED BY: D:\keil5\C51\BIN\C51.EXE Nixie.c OPTIMIZE(8,SPEED) BROWSE DEBUG OBJECTEXTEND PRINT(.\Listings\Nixie
                    -.lst) OBJECT(.\Objects\Nixie.obj)

line level    source

   1          #include <REGX52.H>
   2          #include "Delay.h" 
   3          unsigned char NixieTable[]={0x3F,0x06,0x5B,0x4F,0x66,0x6D,0x7D,0x07,0x7F,0x6F};
   4          void Nixie(unsigned char Wz,Number){
   5   1              
   6   1              switch(Wz){
   7   2                      case 1:
   8   2                      P2_4=1; 
   9   2                      P2_3=1;
  10   2                      P2_2=1;
  11   2                      break;
  12   2      
  13   2                      case 2:
  14   2                      P2_4=1; 
  15   2                      P2_3=1;
  16   2                      P2_2=0;
  17   2                      break;          
  18   2                      
  19   2                      case 3:
  20   2                      P2_4=1; 
  21   2                      P2_3=0;
  22   2                      P2_2=1;
  23   2                      break;
  24   2                      
  25   2                      case 4:
  26   2                      P2_4=1; 
  27   2                      P2_3=0;
  28   2                      P2_2=0;
  29   2                      break;
  30   2                      
  31   2                      case 5:
  32   2                      P2_4=0; 
  33   2                      P2_3=1;
  34   2                      P2_2=1;
  35   2                      break;
  36   2      
  37   2                      case 6:
  38   2                      P2_4=0; 
  39   2                      P2_3=1;
  40   2                      P2_2=0;
  41   2                      break;
  42   2      
  43   2                      case 7:
  44   2                      P2_4=0; 
  45   2                      P2_3=0;
  46   2                      P2_2=1;
  47   2                      break;
  48   2      
  49   2                      case 8:
  50   2                      P2_4=0; 
  51   2                      P2_3=0;
  52   2                      P2_2=0;
  53   2                      break;                  
  54   2              }
C51 COMPILER V9.54   NIXIE                                                                 06/10/2025 23:37:19 PAGE 2   

  55   1              P0=NixieTable[Number];
  56   1      //      Delay(1);
  57   1      //      P0=0x00;
  58   1      } 


MODULE INFORMATION:   STATIC OVERLAYABLE
   CODE SIZE        =     99    ----
   CONSTANT SIZE    =   ----    ----
   XDATA SIZE       =   ----    ----
   PDATA SIZE       =   ----    ----
   DATA SIZE        =     10    ----
   IDATA SIZE       =   ----    ----
   BIT SIZE         =   ----    ----
END OF MODULE INFORMATION.


C51 COMPILATION COMPLETE.  0 WARNING(S),  0 ERROR(S)
